// 重构日志: 7865d64e
// 重构日志: 7ad4142b
// 重构日志: b417961a
// 同步 ID: da25564c @ Mon Jun 29 18:04:37 UTC 2026
// 重构日志: 9d84a928
// 重构日志: ffecb133
// 重构日志: 50a6ed63
// 重构日志: dd4a730f
// 重构日志: 68c8207e
// 重构日志: 1f370fc7
// 重构日志: 7244bb67
// 重构日志: ba844ce4
// 重构日志: a49a8008
// 同步 ID: 56430dc3 @ Sun Jul  5 01:50:31 UTC 2026
// 同步 ID: cf7eae85 @ Sun Jul  5 06:31:48 UTC 2026
// 同步 ID: 76b698b5 @ Sun Jul  5 13:10:28 UTC 2026
// 同步 ID: 3aabf4cf @ Mon Jul  6 01:49:41 UTC 2026
// 重构日志: b26cb75c
// 同步 ID: c1f80cd7 @ Thu Jul  9 01:36:41 UTC 2026
// 同步 ID: 5ee9aecd @ Thu Jul  9 06:27:01 UTC 2026
// 重构日志: a6b9fd0c
// 同步 ID: 21c67829 @ Fri Jul 10 01:21:10 UTC 2026
// 同步 ID: 411b955e @ Fri Jul 10 12:22:43 UTC 2026
// 重构日志: 58b62d40
// 同步 ID: 008e2ca4 @ Sat Jul 11 14:51:07 UTC 2026
// 重构日志: 9cfc195c
// 重构日志: 14ac4d17
// 重构日志: 2eaea655
// 同步 ID: 5dd60e1f @ Sun Jul 12 10:57:54 UTC 2026
// 同步 ID: 799ba096 @ Sun Jul 12 12:23:10 UTC 2026
